10-09 07:04:30 com_github_MitjaNemec_ReplicateLayout.action_replicate_layout 303:Plugin executed on: 'win32'
10-09 07:04:30 com_github_MitjaNemec_ReplicateLayout.action_replicate_layout 304:Plugin executed with python version: '3.9.6 (default, Sep 27 2021, 21:15:11) [MSC v.1929 64 bit (AMD64)]'
10-09 07:04:30 com_github_MitjaNemec_ReplicateLayout.action_replicate_layout 305:KiCad build version: (6.0.0)
10-09 07:04:30 com_github_MitjaNemec_ReplicateLayout.action_replicate_layout 306:Plugin version: 1.2.1
10-09 07:04:30 com_github_MitjaNemec_ReplicateLayout.action_replicate_layout 307:Frame repr: <wx._core.Frame object at 0x00000114DBE8AD30>
10-09 07:04:30 com_github_MitjaNemec_ReplicateLayout.action_replicate_layout 331:Preparing replicator with L1 as a reference
10-09 07:04:30 com_github_MitjaNemec_ReplicateLayout.replicate_layout 106:getting a list of all footprints on board
10-09 07:04:30 com_github_MitjaNemec_ReplicateLayout.action_replicate_layout 359:source anchor footprint is 'L1'
Located on: ['DC-DC Converter 1']
With filenames: ['5V_3V3_converter.kicad_sch']
With sheet_id:['DC-DC Converter 1']
10-09 07:04:30 com_github_MitjaNemec_ReplicateLayout.action_replicate_layout 366:Corresponding footprints are 
[('L1', ['DC-DC Converter 1']), ('L2', ['DC-DC Converter 2'])]
10-09 07:04:30 com_github_MitjaNemec_ReplicateLayout.action_replicate_layout 378:Showing dialog
10-09 07:04:30 com_github_MitjaNemec_ReplicateLayout.replicate_layout 344:constructing a list of sheets suitable for replication on level:'DC-DC Converter 1', file:'5V_3V3_converter.kicad_sch'
10-09 07:04:30 com_github_MitjaNemec_ReplicateLayout.replicate_layout 381:suitable sheets are:[['DC-DC Converter 2']]
10-09 07:04:30 com_github_MitjaNemec_ReplicateLayout.replicate_layout 1112:Level selected: ['DC-DC Converter 1']
10-09 07:04:30 com_github_MitjaNemec_ReplicateLayout.action_replicate_layout 384:Toolbar position: wx.Point(2179, 181)
10-09 07:04:30 com_github_MitjaNemec_ReplicateLayout.action_replicate_layout 390:Dialog position: wx.Point(1815, 181)
10-09 07:04:37 com_github_MitjaNemec_ReplicateLayout.replicate_layout 344:constructing a list of sheets suitable for replication on level:'DC-DC Converter 1', file:'5V_3V3_converter.kicad_sch'
10-09 07:04:37 com_github_MitjaNemec_ReplicateLayout.replicate_layout 381:suitable sheets are:[['DC-DC Converter 2']]
10-09 07:04:37 com_github_MitjaNemec_ReplicateLayout.replicate_layout 1112:Level selected: ['DC-DC Converter 1']
10-09 07:04:50 com_github_MitjaNemec_ReplicateLayout.replicate_layout 344:constructing a list of sheets suitable for replication on level:'DC-DC Converter 1', file:'5V_3V3_converter.kicad_sch'
10-09 07:04:50 com_github_MitjaNemec_ReplicateLayout.replicate_layout 381:suitable sheets are:[['DC-DC Converter 2']]
10-09 07:04:50 com_github_MitjaNemec_ReplicateLayout.action_replicate_layout 157:Replicating layout
10-09 07:04:50 com_github_MitjaNemec_ReplicateLayout.replicate_layout 154:Starting replication of sheets: [['DC-DC Converter 2']]
on level: ['DC-DC Converter 1']
with tracks=True, zone=True, text=True, text=True, containing=False, remove=False, locked footprints=False, by_group=False
10-09 07:04:50 root 243:updating GUI message: 'Preparing for replication'
10-09 07:04:50 root 248:updating GUI with: 0
10-09 07:04:50 com_github_MitjaNemec_ReplicateLayout.replicate_layout 224:Getting the list of source footprints
10-09 07:04:50 root 248:updating GUI with: 0
10-09 07:04:50 com_github_MitjaNemec_ReplicateLayout.replicate_layout 239:Getting the list of all the remaining footprints
10-09 07:04:50 com_github_MitjaNemec_ReplicateLayout.replicate_layout 244:Getting nets local to source footprints
10-09 07:04:50 com_github_MitjaNemec_ReplicateLayout.replicate_layout 247:Getting source bounding box
10-09 07:04:50 com_github_MitjaNemec_ReplicateLayout.replicate_layout 251:Getting source tracks
10-09 07:04:50 com_github_MitjaNemec_ReplicateLayout.replicate_layout 266:Getting source zones
10-09 07:04:50 root 248:updating GUI with: 62
10-09 07:04:50 com_github_MitjaNemec_ReplicateLayout.replicate_layout 275:Getting source text items
10-09 07:04:50 com_github_MitjaNemec_ReplicateLayout.replicate_layout 284:Getting source drawing items
10-09 07:04:50 root 243:updating GUI message: 'Replicating footprints'
10-09 07:04:50 com_github_MitjaNemec_ReplicateLayout.replicate_layout 678:Replicating footprints
10-09 07:04:50 root 248:updating GUI with: 0
10-09 07:04:50 com_github_MitjaNemec_ReplicateLayout.replicate_layout 684:Replicating footprints on sheet ['DC-DC Converter 2']
10-09 07:04:50 root 243:updating GUI message: 'Replicating tracks'
10-09 07:04:50 com_github_MitjaNemec_ReplicateLayout.replicate_layout 844:Replicating tracks
10-09 07:04:50 root 248:updating GUI with: 0
10-09 07:04:50 com_github_MitjaNemec_ReplicateLayout.replicate_layout 850:Replicating tracks on sheet ['DC-DC Converter 2']
10-09 07:04:50 root 243:updating GUI message: 'Replicating zones'
10-09 07:04:50 com_github_MitjaNemec_ReplicateLayout.replicate_layout 909:Replicating zones
10-09 07:04:50 com_github_MitjaNemec_ReplicateLayout.replicate_layout 916:Replicating zones on sheet ['DC-DC Converter 2']
10-09 07:04:50 root 243:updating GUI message: 'Replicating text'
10-09 07:04:50 com_github_MitjaNemec_ReplicateLayout.replicate_layout 985:Replicating text
10-09 07:04:50 com_github_MitjaNemec_ReplicateLayout.replicate_layout 992:Replicating text on sheet ['DC-DC Converter 2']
10-09 07:04:50 root 243:updating GUI message: 'Replicating drawings'
10-09 07:04:50 com_github_MitjaNemec_ReplicateLayout.replicate_layout 1032:Replicating drawings
10-09 07:04:50 com_github_MitjaNemec_ReplicateLayout.replicate_layout 1038:Replicating drawings on sheet ['DC-DC Converter 2']
10-09 07:04:51 com_github_MitjaNemec_ReplicateLayout.action_replicate_layout 177:Replication complete
